TN:
SF:src\services\submitFeedbackService.ts
FN:13,run
FN:11,SubmitFeedbackService
FNF:2
FNH:2
FNDA:4,run
FNDA:1,SubmitFeedbackService
DA:1,1
DA:2,1
DA:3,1
DA:4,1
DA:5,1
DA:6,1
DA:7,1
DA:8,1
DA:9,1
DA:10,1
DA:11,1
DA:12,1
DA:13,1
DA:14,4
DA:15,4
DA:16,4
DA:17,1
DA:18,1
DA:19,3
DA:20,3
DA:21,4
DA:22,1
DA:23,1
DA:24,2
DA:25,4
DA:26,1
DA:27,1
DA:28,1
DA:29,1
DA:30,1
DA:31,1
DA:32,1
DA:33,1
DA:34,1
DA:35,1
LF:35
LH:35
BRDA:13,0,0,4
BRDA:16,1,0,1
BRDA:19,2,0,3
BRDA:21,3,0,1
BRDA:24,4,0,2
BRDA:25,5,0,1
BRDA:11,6,0,1
BRF:7
BRH:7
end_of_record
